{
  "stats": {
    "suites": 1,
    "tests": 4,
    "passes": 4,
    "pending": 0,
    "failures": 0,
    "start": "2024-07-11T16:48:07.210Z",
    "end": "2024-07-11T16:48:28.636Z",
    "duration": 21426,
    "testsRegistered": 4,
    "passPercent": 100,
    "pendingPercent": 0,
    "other": 0,
    "hasOther": false,
    "skipped": 0,
    "hasSkipped": false
  },
  "results": [
    {
      "uuid": "1473a1bf-473d-4c0d-9b70-b3513d0da079",
      "title": "",
      "fullFile": "cypress\\e2e\\HealthSurvey.cy.js",
      "file": "cypress\\e2e\\HealthSurvey.cy.js",
      "beforeHooks": [],
      "afterHooks": [],
      "tests": [],
      "suites": [
        {
          "uuid": "b3a1b685-d3a5-4d11-90b7-b314158142e4",
          "title": "Health Survey Form Submission Test Suite",
          "fullFile": "",
          "file": "",
          "beforeHooks": [],
          "afterHooks": [],
          "tests": [
            {
              "title": "Health Survey Form Submission for Moosa",
              "fullTitle": "Health Survey Form Submission Test Suite Health Survey Form Submission for Moosa",
              "timedOut": null,
              "duration": 5749,
              "state": "passed",
              "speed": "medium",
              "pass": true,
              "fail": false,
              "pending": false,
              "context": null,
              "code": "SurveyPage.visit();\nSurveyPage.enterName(data.name);\nSurveyPage.selectAge(data.age);\nSurveyPage.selectExerciseOption(data.exercise);\nSurveyPage.submitForm();\nSurveyPage.verifySubmission();",
              "err": {},
              "uuid": "14168a3a-3f90-411a-a348-2f9a0eeb1d06",
              "parentUUID": "b3a1b685-d3a5-4d11-90b7-b314158142e4",
              "isHook": false,
              "skipped": false
            },
            {
              "title": "Health Survey Form Submission for Anil",
              "fullTitle": "Health Survey Form Submission Test Suite Health Survey Form Submission for Anil",
              "timedOut": null,
              "duration": 3284,
              "state": "passed",
              "speed": "fast",
              "pass": true,
              "fail": false,
              "pending": false,
              "context": null,
              "code": "SurveyPage.visit();\nSurveyPage.enterName(data.name);\nSurveyPage.selectAge(data.age);\nSurveyPage.selectExerciseOption(data.exercise);\nSurveyPage.submitForm();\nSurveyPage.verifySubmission();",
              "err": {},
              "uuid": "a62f61ce-3f0d-48f3-9302-90faee646e62",
              "parentUUID": "b3a1b685-d3a5-4d11-90b7-b314158142e4",
              "isHook": false,
              "skipped": false
            },
            {
              "title": "Health Survey Form Submission for Kavya",
              "fullTitle": "Health Survey Form Submission Test Suite Health Survey Form Submission for Kavya",
              "timedOut": null,
              "duration": 4115,
              "state": "passed",
              "speed": "fast",
              "pass": true,
              "fail": false,
              "pending": false,
              "context": null,
              "code": "SurveyPage.visit();\nSurveyPage.enterName(data.name);\nSurveyPage.selectAge(data.age);\nSurveyPage.selectExerciseOption(data.exercise);\nSurveyPage.submitForm();\nSurveyPage.verifySubmission();",
              "err": {},
              "uuid": "e15ec236-6eb2-4094-b584-6af471f3bff2",
              "parentUUID": "b3a1b685-d3a5-4d11-90b7-b314158142e4",
              "isHook": false,
              "skipped": false
            },
            {
              "title": "Health Survey Form Submission for Renuka",
              "fullTitle": "Health Survey Form Submission Test Suite Health Survey Form Submission for Renuka",
              "timedOut": null,
              "duration": 3604,
              "state": "passed",
              "speed": "fast",
              "pass": true,
              "fail": false,
              "pending": false,
              "context": null,
              "code": "SurveyPage.visit();\nSurveyPage.enterName(data.name);\nSurveyPage.selectAge(data.age);\nSurveyPage.selectExerciseOption(data.exercise);\nSurveyPage.submitForm();\nSurveyPage.verifySubmission();",
              "err": {},
              "uuid": "a53c713d-7466-46c5-ba7c-49c19f9e0ab9",
              "parentUUID": "b3a1b685-d3a5-4d11-90b7-b314158142e4",
              "isHook": false,
              "skipped": false
            }
          ],
          "suites": [],
          "passes": [
            "14168a3a-3f90-411a-a348-2f9a0eeb1d06",
            "a62f61ce-3f0d-48f3-9302-90faee646e62",
            "e15ec236-6eb2-4094-b584-6af471f3bff2",
            "a53c713d-7466-46c5-ba7c-49c19f9e0ab9"
          ],
          "failures": [],
          "pending": [],
          "skipped": [],
          "duration": 16752,
          "root": false,
          "rootEmpty": false,
          "_timeout": 2000
        }
      ],
      "passes": [],
      "failures": [],
      "pending": [],
      "skipped": [],
      "duration": 0,
      "root": true,
      "rootEmpty": true,
      "_timeout": 2000
    }
  ],
  "meta": {
    "mocha": {
      "version": "7.0.1"
    },
    "mochawesome": {
      "options": {
        "quiet": false,
        "reportFilename": "mochawesome",
        "saveHtml": false,
        "saveJson": true,
        "consoleReporter": "spec",
        "useInlineDiffs": false,
        "code": true
      },
      "version": "7.1.3"
    },
    "marge": {
      "options": {
        "id": "default",
        "reportDir": "cypress/results/mochawesome",
        "quite": true,
        "overwrite": false,
        "html": false,
        "json": true
      },
      "version": "6.2.0"
    }
  }
}